Arguments: 
  D:\apps\nodejs\node.exe D:\apps\nodejs\npm-data\node_modules\yarn\bin\yarn.js init

PATH: 
  D:\apps\Git\mingw64\bin;D:\apps\Git\usr\bin;C:\Users\yuzhanglong\bin;D:\apps\jdk8\bin;D:\apps\python\Scripts;D:\apps\python;D:\apps\VMware\bin;C:\WINDOWS\system32;C:\WINDOWS;C:\WINDOWS\System32\Wbem;C:\WINDOWS\System32\WindowsPowerShell\v1.0;D:\apps\nodejs;C:\ProgramData\chocolatey\bin;C:\WINDOWS\System32\OpenSSH;D:\apps\Git\cmd;D:\apps\nodejs\npm-data\node_modules\yarn\bin;D:\apps\nodejs\npm-data\node_modules\typescript\bin;C:\Users\yuzhanglong\.windows-build-tools\python27;C:\Users\yuzhanglong\AppData\Roaming\npm;D:\apps\Microsoft VS Code\bin;C:\Users\yuzhanglong\AppData\Local\Microsoft\WindowsApps

Yarn version: 
  1.22.10

Node version: 
  14.15.0

Platform: 
  win32 x64

Trace: 
  Error: canceled
      at Interface.<anonymous> (D:\apps\nodejs\npm-data\node_modules\yarn\lib\cli.js:136216:13)
      at Interface.emit (events.js:315:20)
      at Interface._ttyWrite (readline.js:875:16)
      at ReadStream.onkeypress (readline.js:213:10)
      at ReadStream.emit (events.js:315:20)
      at emitKeys (internal/readline/utils.js:345:14)
      at emitKeys.next (<anonymous>)
      at ReadStream.onData (readline.js:1144:36)
      at ReadStream.emit (events.js:315:20)
      at addChunk (_stream_readable.js:309:12)

npm manifest: 
  No manifest

yarn manifest: 
  No manifest

Lockfile: 
  No lockfile
